Arguments: 
  C:\Program Files\nodejs\node.exe C:\Program Files (x86)\Yarn\bin\yarn.js install

PATH: 
  C:\Program Files\Git\mingw64\bin;C:\Program Files\Git\usr\bin;C:\Users\jshon\bin;C:\Users\jshon\bin;C:\Program Files\Git\usr\local\bin;C:\Program Files\Git\usr\bin;C:\Program Files\Git\usr\bin;C:\Program Files\Git\opt\bin;C:\Program Files\Amazon Corretto\jdk11.0.7_10\bin;C:\Program Files (x86)\Razer\ChromaBroadcast\bin;C:\Program Files\Razer\ChromaBroadcast\bin;C:\Program Files (x86)\Intel\Intel(R) Management Engine Components\iCLS;C:\Program Files\Intel\Intel(R) Management Engine Components\iCLS;C:\Windows\system32;C:\Windows;C:\Windows\System32\Wbem;C:\Windows\System32\WindowsPowerShell\v1.0;C:\Windows\System32\OpenSSH;C:\Program Files (x86)\Intel\Intel(R) Management Engine Components\DAL;C:\Program Files\Intel\Intel(R) Management Engine Components\DAL;C:\Program Files (x86)\Intel\Intel(R) Management Engine Components\IPT;C:\Program Files\Intel\Intel(R) Management Engine Components\IPT;C:\Program Files (x86)\NVIDIA Corporation\PhysX\Common;C:\WINDOWS\system32;C:\WINDOWS;C:\WINDOWS\System32\Wbem;C:\WINDOWS\System32\WindowsPowerShell\v1.0;C:\WINDOWS\System32\OpenSSH;C:\ProgramData\chocolatey\bin;C:\ProgramData\nvm;C:\Program Files\nodejs;C:\WINDOWS\system32\config\systemprofile\AppData\Local\Microsoft\WindowsApps;C:\Program Files\apache-maven-3.6.3\bin;C:\Program Files\Git\cmd;C:\Program Files (x86)\Yarn\bin;C:\WINDOWS\system32;C:\WINDOWS;C:\WINDOWS\System32\Wbem;C:\WINDOWS\System32\WindowsPowerShell\v1.0;C:\WINDOWS\System32\OpenSSH;C:\Program Files\Docker\Docker\resources\bin;C:\ProgramData\DockerDesktop\version-bin;C:\Program Files\MySQL\MySQL Shell 8.0\bin;C:\Ruby27-x64\bin;C:\Users\jshon\AppData\Local\Microsoft\WindowsApps;C:\Users\jshon\AppData\Local\Programs\Microsoft VS Code\bin;C:\Program Files\JetBrains\IntelliJ IDEA Community Edition 2020.1.1\bin;C:\Users\jshon\AppData\Local\GitHubDesktop\bin;C:\Users\jshon\AppData\Local\Yarn\bin;C:\Program Files\heroku\bin;C:\Users\jshon\AppData\Local\Microsoft\WindowsApps;C:\Program Files\Git\usr\bin\vendor_perl;C:\Program Files\Git\usr\bin\core_perl

Yarn version: 
  1.22.4

Node version: 
  13.9.0

Platform: 
  win32 x64

Trace: 
  SyntaxError: C:\Users\jshon\front-end-mentor\social-proof-section-master\package.json: Unexpected token 
   in JSON at position 678
      at JSON.parse (<anonymous>)
      at C:\Program Files (x86)\Yarn\lib\cli.js:1625:59
      at Generator.next (<anonymous>)
      at step (C:\Program Files (x86)\Yarn\lib\cli.js:310:30)
      at C:\Program Files (x86)\Yarn\lib\cli.js:321:13

npm manifest: 
  {
    "name": "social-proof-section-master",
    "version": "1.0.0",
    "main": "index.js",
    "repository": "https://github.com/Dripcoding/front-end-mentor-social-proof.git",
    "author": "Dripcoding <dripcoding@gmail.com>",
    "license": "MIT",
    "devDependencies": {
      "clean-webpack-plugin": "^3.0.0",
      "copy-webpack-plugin": "^6.2.1",
      "css-loader": "^4.3.0",
      "html-webpack-plugin": "^4.5.0",
      "mini-css-extract-plugin": "^1.0.0",
      "sass": "^1.27.0",
      "sass-loader": "^10.0.3",
      "svg-inline-loader": "^0.8.2",
      "url-loader": "^4.1.1",
      "webpack": "^5.0.0",
      "webpack-cli": "^4.0.0",
      "webpack-dev-server": "^3.11.0",
      "webpack-merge": "^5.2.0
    }
  }

yarn manifest: 
  No manifest

Lockfile: 
  No lockfile
